<?xml version="1.0" encoding="UTF-8"?>
<!-- Generated by org.testng.reporters.JUnitReportReporter -->
<testsuite skipped="0" hostname="DESKTOP-MTO6MC9" name="p3.ClassC" tests="1" failures="0" timestamp="2023-01-10T20:34:47 IST" time="0.002" errors="0">
  <testcase name="finatest" time="0.002" classname="p3.ClassC"/>
  <system-out>
finaltest executed  </system-out>
</testsuite> <!-- p3.ClassC -->
