<?xml version="1.0" encoding="UTF-8"?>
<!-- Generated by org.testng.reporters.JUnitReportReporter -->
<testsuite skipped="0" hostname="DESKTOP-MTO6MC9" name="p4.ClassD" tests="2" failures="0" timestamp="2023-01-10T20:55:14 IST" time="0.004" errors="0">
  <testcase name="tc0010" time="0.002" classname="p4.ClassD"/>
  <system-out>
tc010 executed successfull  </system-out>
  <testcase name="tc009" time="0.002" classname="p4.ClassD"/>
  <system-out>
tc009 executed successfull  </system-out>
</testsuite> <!-- p4.ClassD -->
