<?xml version="1.0" encoding="UTF-8"?>
<!-- Generated by org.testng.reporters.JUnitReportReporter -->
<testsuite skipped="0" hostname="DESKTOP-MTO6MC9" name="p2.ClassB" tests="4" failures="0" timestamp="2023-01-10T20:55:14 IST" time="0.017" errors="0">
  <testcase name="tc004" time="0.008" classname="p2.ClassB"/>
  <system-out>
tc004 executed successfull  </system-out>
  <testcase name="Logout" time="0.005" classname="p2.ClassB"/>
  <system-out>
Logout test successfull  </system-out>
  <testcase name="tc005" time="0.002" classname="p2.ClassB"/>
  <system-out>
tc005 executed successfull  </system-out>
  <testcase name="tc006" time="0.002" classname="p2.ClassB"/>
  <system-out>
tc006 executed successfull  </system-out>
</testsuite> <!-- p2.ClassB -->
