<?xml version="1.0" encoding="UTF-8"?>
<!-- Generated by org.testng.reporters.JUnitReportReporter -->
<testsuite skipped="0" hostname="DESKTOP-MTO6MC9" name="p1.ClassA" tests="4" failures="0" timestamp="2023-01-10T20:55:14 IST" time="0.019" errors="0">
  <testcase name="tc002" time="0.002" classname="p1.ClassA"/>
  <system-out>
tc002 executed successfull  </system-out>
  <testcase name="tc001" time="0.002" classname="p1.ClassA"/>
  <system-out>
tc001 executed successfull  </system-out>
  <testcase name="tc003" time="0.002" classname="p1.ClassA"/>
  <system-out>
tc003 executed successfull  </system-out>
  <testcase name="Login" time="0.013" classname="p1.ClassA"/>
  <system-out>
Login test successfull  </system-out>
</testsuite> <!-- p1.ClassA -->
