<?xml version="1.0" encoding="UTF-8"?>
<!-- Generated by org.testng.reporters.JUnitReportReporter -->
<testsuite skipped="0" hostname="DESKTOP-MTO6MC9" name="jk2.ClassB" tests="4" failures="0" timestamp="2023-01-25T06:22:27 IST" time="0.009" errors="0">
  <testcase name="tc004" time="0.002" classname="jk2.ClassB"/>
  <system-out>
tc004 executed successfull  </system-out>
  <testcase name="tc005" time="0.002" classname="jk2.ClassB"/>
  <system-out>
tc005 executed successfull  </system-out>
  <testcase name="tc006" time="0.003" classname="jk2.ClassB"/>
  <system-out>
tc006 executed successfull  </system-out>
  <testcase name="Logout" time="0.002" classname="jk2.ClassB"/>
  <system-out>
Logout test successfull  </system-out>
</testsuite> <!-- jk2.ClassB -->
