<?xml version="1.0" encoding="UTF-8"?>
<!-- Generated by org.testng.reporters.JUnitReportReporter -->
<testsuite skipped="0" hostname="DESKTOP-MTO6MC9" name="jk1.ClassA" tests="4" failures="0" timestamp="2023-01-25T06:22:27 IST" time="0.018" errors="0">
  <testcase name="tc002" time="0.001" classname="jk1.ClassA"/>
  <system-out>
tc002 executed successfull  </system-out>
  <testcase name="tc001" time="0.002" classname="jk1.ClassA"/>
  <system-out>
tc001 executed successfull  </system-out>
  <testcase name="tc003" time="0.003" classname="jk1.ClassA"/>
  <system-out>
tc003 executed successfull  </system-out>
  <testcase name="Login" time="0.012" classname="jk1.ClassA"/>
  <system-out>
Login test successfull  </system-out>
</testsuite> <!-- jk1.ClassA -->
