<?xml version="1.0" encoding="UTF-8"?>
<!-- Generated by org.testng.reporters.JUnitReportReporter -->
<testsuite skipped="0" hostname="DESKTOP-MTO6MC9" name="testng.ClassA" tests="3" failures="0" timestamp="2023-01-04T09:45:44 IST" time="0.019" errors="0">
  <testcase name="tc001" time="0.012" classname="testng.ClassA"/>
  <system-out>
    <![CDATA[tc001 executed successfull]]>
  </system-out>
  <testcase name="tc003" time="0.004" classname="testng.ClassA"/>
  <system-out>
    <![CDATA[tc003 executed successfull]]>
  </system-out>
  <testcase name="tc002" time="0.003" classname="testng.ClassA"/>
  <system-out>
    <![CDATA[tc002 executed successfull]]>
  </system-out>
</testsuite> <!-- testng.ClassA -->
