<?xml version="1.0" encoding="UTF-8"?>
<!-- Generated by org.testng.reporters.JUnitReportReporter -->
<testsuite skipped="0" hostname="DESKTOP-MTO6MC9" name="testng1.ClassB" tests="3" failures="0" timestamp="2023-01-04T09:45:44 IST" time="0.021" errors="0">
  <testcase name="tc005" time="0.006" classname="testng1.ClassB"/>
  <system-out>
    <![CDATA[tc005 executed successfull]]>
  </system-out>
  <testcase name="tc006" time="0.011" classname="testng1.ClassB"/>
  <system-out>
    <![CDATA[tc006 executed successfull]]>
  </system-out>
  <testcase name="tc004" time="0.004" classname="testng1.ClassB"/>
  <system-out>
    <![CDATA[tc004 executed successfull]]>
  </system-out>
</testsuite> <!-- testng1.ClassB -->
